com.fr.bi.aconfig.BIDataSourceManager:注册成功
com.fr.bi.aconfig.BIBusiPackManager:注册成功
com.fr.bi.aconfig.BIConnectionManager:注册成功
com.fr.bi.data.tabledatapackage.BIDataSourceBasicCreater:注册成功
com.fr.bi.cube.engine.SingleCubeManager:注册成功
com.fr.bi.cube.engine.TempCubeManager:注册成功
2015-01-08 09:38:24用户:saBI服务启动
可用CPU数量为:8
2015-01-08 09:38:24 开始构建多维数据库
开始从数据库取数
数据库取数完毕, 耗时:0毫秒
准备底层关联索引
底层关联索引准备完毕, 耗时:28毫秒
准备基础关联索引
基础关联索引准备完毕, 耗时:25毫秒
使用中关联索引准备完毕, 耗时:1毫秒
开始替换旧文件，停止所有分析
替换完成！耗时：11毫秒
2015-01-08 09:38:29 构建多维度数据库总计耗时:4秒
开始重新计算已经使用的结构
重新计算完成！
711毫秒: cal time
762毫秒: cal time
3秒: cal time
206毫秒: cal time
202毫秒: cal time
215毫秒: cal time
开始从数据库取数
开始生成表：bug.null.bug.null Cube文件：
表: bug.null.bug.null获取字段信息：
表: bug.null.bug.null获取字段信息消耗时间：14毫秒
表: bug.null.bug.null读取数据并生成简单索引：
开始执行sql查询:SELECT `id`,`bugID`,`question`,`check`,`module`,`priority`,`description`,`flag` FROM `bug`
表: bug.null.bug.nullsql查询完毕，耗时:3毫秒
表: bug.null.bug.null读取完成进度：100%
读取数据：bug.null.bug.null耗时：300毫秒
数据库取数完毕, 耗时:300毫秒
表: bug.null.bug.null生成并写入位图索引：
表: bug.null.bug.null完成：100%
表: bug.null.bug.null位图索引生成完毕
准备底层关联索引
底层关联索引准备完毕, 耗时:15毫秒
准备基础关联索引
基础关联索引准备完毕, 耗时:12毫秒
使用中关联索引准备完毕, 耗时:0毫秒
开始替换旧文件，停止所有分析
替换完成！耗时：48毫秒
2015-01-08 10:00:24 构建多维度数据库总计耗时:998毫秒
开始重新计算已经使用的结构
重新计算完成！
509毫秒: cal time
2秒: cal time
32毫秒: cal time
4毫秒: cal time
149毫秒: cal time
107毫秒: cal time
93毫秒: cal time
175毫秒: cal time
93毫秒: cal time
91毫秒: cal time
80毫秒: cal time
77毫秒: cal time
95毫秒: cal time
5毫秒: cal time
572毫秒: cal time
450毫秒: cal time
419毫秒: cal time
429毫秒: cal time
557毫秒: cal time
2秒: cal time
401毫秒: cal time
490毫秒: cal time
2秒: cal time
405毫秒: cal time
502毫秒: cal time
2秒: cal time
199毫秒: cal time
196毫秒: cal time
201毫秒: cal time
394毫秒: cal time
463毫秒: cal time
开始生成表：bug.null.bug.null Cube文件：
表: bug.null.bug.null获取字段信息：
表: bug.null.bug.null获取字段信息消耗时间：20毫秒
表: bug.null.bug.null读取数据并生成简单索引：
开始执行sql查询:SELECT `id`,`bugID`,`question`,`check`,`module`,`priority`,`description`,`flag` FROM `bug`
表: bug.null.bug.nullsql查询完毕，耗时:2毫秒
表: bug.null.bug.null读取完成进度：100%
表: bug.null.bug.null生成并写入位图索引：
表: bug.null.bug.null完成：100%
表: bug.null.bug.null位图索引生成完毕
生成：bug.null.bug.null耗时：818毫秒
727毫秒: cal time
755毫秒: cal time
2秒: cal time
开始生成表：bug.null.buganalysis.null Cube文件：
表: bug.null.buganalysis.null获取字段信息：
表: bug.null.buganalysis.null获取字段信息消耗时间：16毫秒
表: bug.null.buganalysis.null读取数据并生成简单索引：
开始执行sql查询:SELECT `id`,`question`,`example`,`module`,`bluePrint`,`bugCount`,`priority`,`description`,`flag` FROM `buganalysis`
表: bug.null.buganalysis.nullsql查询完毕，耗时:3毫秒
表: bug.null.buganalysis.null读取完成进度：100%
表: bug.null.buganalysis.null生成并写入位图索引：
表: bug.null.buganalysis.null完成：100%
表: bug.null.buganalysis.null位图索引生成完毕
生成：bug.null.buganalysis.null耗时：531毫秒
415毫秒: cal time
开始生成表：bug.null.bug.null Cube文件：
表: bug.null.bug.null获取字段信息：
表: bug.null.bug.null获取字段信息消耗时间：15毫秒
表: bug.null.bug.null读取数据并生成简单索引：
开始执行sql查询:SELECT `id`,`bugID`,`question`,`check`,`module`,`priority`,`description`,`flag` FROM `bug`
表: bug.null.bug.nullsql查询完毕，耗时:2毫秒
表: bug.null.bug.null读取完成进度：100%
表: bug.null.bug.null生成并写入位图索引：
表: bug.null.bug.null完成：100%
表: bug.null.bug.null位图索引生成完毕
生成：bug.null.bug.null耗时：706毫秒
579毫秒: cal time
661毫秒: cal time
2秒: cal time
开始生成表：bug.null.bug.null Cube文件：
表: bug.null.bug.null获取字段信息：
表: bug.null.bug.null获取字段信息消耗时间：14毫秒
表: bug.null.bug.null读取数据并生成简单索引：
开始执行sql查询:SELECT `id`,`bugID`,`question`,`check`,`module`,`priority`,`description`,`flag` FROM `bug`
表: bug.null.bug.nullsql查询完毕，耗时:2毫秒
表: bug.null.bug.null读取完成进度：100%
表: bug.null.bug.null生成并写入位图索引：
表: bug.null.bug.null完成：100%
表: bug.null.bug.null位图索引生成完毕
生成：bug.null.bug.null耗时：692毫秒
497毫秒: cal time
622毫秒: cal time
2秒: cal time
348毫秒: cal time
491毫秒: cal time
2秒: cal time
com.fr.bi.aconfig.BIDataSourceManager:注册成功
com.fr.bi.aconfig.BIBusiPackManager:注册成功
com.fr.bi.aconfig.BIConnectionManager:注册成功
com.fr.bi.data.tabledatapackage.BIDataSourceBasicCreater:注册成功
com.fr.bi.cube.engine.SingleCubeManager:注册成功
com.fr.bi.cube.engine.TempCubeManager:注册成功
2015-01-08 11:12:53用户:saBI服务启动
可用CPU数量为:8
2015-01-08 11:12:53 开始构建多维数据库
开始从数据库取数
数据库取数完毕, 耗时:0毫秒
准备底层关联索引
底层关联索引准备完毕, 耗时:17毫秒
准备基础关联索引
基础关联索引准备完毕, 耗时:21毫秒
使用中关联索引准备完毕, 耗时:1毫秒
开始替换旧文件，停止所有分析
替换完成！耗时：16毫秒
2015-01-08 11:12:57 构建多维度数据库总计耗时:3秒
开始重新计算已经使用的结构
重新计算完成！
1秒: cal time
1秒: cal time
2秒: cal time
423毫秒: cal time
555毫秒: cal time
545毫秒: cal time
2秒: cal time
222毫秒: cal time
215毫秒: cal time
425毫秒: cal time
522毫秒: cal time
2秒: cal time
正在生成内存数据开始生成字段:demo.null.customer.客户类型至表：demo.null.contract关联索引
部分cube_数据总量：6
正在生成内存数据开始生成字段:demo.null.customer.省份至表：demo.null.contract关联索引
部分cube_数据总量：34
字段:demo.null.customer.客户类型至表：demo.null.contract关联索引生成完毕，耗时：188毫秒
字段:demo.null.customer.省份至表：demo.null.contract关联索引生成完毕，耗时：158毫秒
内存硬盘数据转换接口完成，耗时：188
从硬盘读取数据
内存硬盘数据转换接口完成，耗时：158
从硬盘读取数据
489毫秒: cal time
87毫秒: cal time
99毫秒: cal time
98毫秒: cal time
456毫秒: cal time
548毫秒: cal time
2秒: cal time
467毫秒: cal time
449毫秒: cal time
436毫秒: cal time
438毫秒: cal time
421毫秒: cal time
422毫秒: cal time
432毫秒: cal time
417毫秒: cal time
427毫秒: cal time
199毫秒: cal time
191毫秒: cal time
192毫秒: cal time
201毫秒: cal time
420毫秒: cal time
2秒: cal time
444毫秒: cal time
2秒: cal time
209毫秒: cal time
210毫秒: cal time
425毫秒: cal time
545毫秒: cal time
2秒: cal time
233毫秒: cal time
225毫秒: cal time
191毫秒: cal time
198毫秒: cal time
198毫秒: cal time
195毫秒: cal time
1秒: cal time
2秒: cal time
232毫秒: cal time
218毫秒: cal time
226毫秒: cal time
227毫秒: cal time
421毫秒: cal time
558毫秒: cal time
2秒: cal time
196毫秒: cal time
193毫秒: cal time
409毫秒: cal time
537毫秒: cal time
2秒: cal time
405毫秒: cal time
556毫秒: cal time
2秒: cal time
414毫秒: cal time
558毫秒: cal time
2秒: cal time
397毫秒: cal time
546毫秒: cal time
2秒: cal time
388毫秒: cal time
563毫秒: cal time
2秒: cal time
412毫秒: cal time
549毫秒: cal time
2秒: cal time
406毫秒: cal time
574毫秒: cal time
2秒: cal time
378毫秒: cal time
448毫秒: cal time
2秒: cal time
408毫秒: cal time
556毫秒: cal time
2秒: cal time
423毫秒: cal time
550毫秒: cal time
2秒: cal time
415毫秒: cal time
567毫秒: cal time
2秒: cal time
421毫秒: cal time
548毫秒: cal time
2秒: cal time
397毫秒: cal time
568毫秒: cal time
2秒: cal time
193毫秒: cal time
191毫秒: cal time
191毫秒: cal time
193毫秒: cal time
191毫秒: cal time
198毫秒: cal time
196毫秒: cal time
192毫秒: cal time
202毫秒: cal time
194毫秒: cal time
539毫秒: cal time
521毫秒: cal time
2秒: cal time
376毫秒: cal time
477毫秒: cal time
1秒: cal time
2秒: cal time
336毫秒: cal time
488毫秒: cal time
2秒: cal time
343毫秒: cal time
505毫秒: cal time
2秒: cal time
382毫秒: cal time
514毫秒: cal time
2秒: cal time
209毫秒: cal time
205毫秒: cal time
199毫秒: cal time
200毫秒: cal time
206毫秒: cal time
221毫秒: cal time
199毫秒: cal time
com.fr.bi.aconfig.BIDataSourceManager:注册成功
com.fr.bi.aconfig.BIBusiPackManager:注册成功
com.fr.bi.aconfig.BIConnectionManager:注册成功
com.fr.bi.data.tabledatapackage.BIDataSourceBasicCreater:注册成功
com.fr.bi.cube.engine.SingleCubeManager:注册成功
com.fr.bi.cube.engine.TempCubeManager:注册成功
2015-01-08 17:15:14用户:saBI服务启动
可用CPU数量为:8
2015-01-08 17:15:14 开始构建多维数据库
开始从数据库取数
数据库取数完毕, 耗时:0毫秒
准备底层关联索引
底层关联索引准备完毕, 耗时:20毫秒
准备基础关联索引
基础关联索引准备完毕, 耗时:23毫秒
使用中关联索引准备完毕, 耗时:0毫秒
开始替换旧文件，停止所有分析
替换完成！耗时：12毫秒
2015-01-08 17:15:18 构建多维度数据库总计耗时:4秒
开始重新计算已经使用的结构
重新计算完成！
java.lang.NullPointerException1秒: cal time
1秒: cal time
2秒: cal time
472毫秒: cal time
572毫秒: cal time
2秒: cal time
com.fr.bi.aconfig.BIDataSourceManager:注册成功
com.fr.bi.aconfig.BIBusiPackManager:注册成功
com.fr.bi.aconfig.BIConnectionManager:注册成功
com.fr.bi.data.tabledatapackage.BIDataSourceBasicCreater:注册成功
com.fr.bi.cube.engine.SingleCubeManager:注册成功
com.fr.bi.cube.engine.TempCubeManager:注册成功
2015-01-08 17:41:52用户:saBI服务启动
可用CPU数量为:8
2015-01-08 17:41:52 开始构建多维数据库
开始从数据库取数
数据库取数完毕, 耗时:0毫秒
java.lang.NullPointerException准备底层关联索引
底层关联索引准备完毕, 耗时:62毫秒
准备基础关联索引
基础关联索引准备完毕, 耗时:55毫秒
使用中关联索引准备完毕, 耗时:1毫秒
开始替换旧文件，停止所有分析
替换完成！耗时：13毫秒
2015-01-08 17:41:57 构建多维度数据库总计耗时:4秒
开始重新计算已经使用的结构
重新计算完成！
1秒: cal time
1秒: cal time
2秒: cal time
398毫秒: cal time
194毫秒: cal time
226毫秒: cal time
